{"/Users/lenaicgrolleau/Projects/perso/tagstrip/specification/src/core/constants.js":{"path":"/Users/lenaicgrolleau/Projects/perso/tagstrip/specification/src/core/constants.js","statementMap":{"0":{"start":{"line":2,"column":34},"end":{"line":2,"column":37}},"1":{"start":{"line":3,"column":34},"end":{"line":3,"column":37}},"2":{"start":{"line":6,"column":25},"end":{"line":15,"column":1}},"3":{"start":{"line":18,"column":24},"end":{"line":27,"column":1}},"4":{"start":{"line":30,"column":28},"end":{"line":41,"column":1}},"5":{"start":{"line":44,"column":27},"end":{"line":55,"column":1}},"6":{"start":{"line":58,"column":28},"end":{"line":58,"column":44}},"7":{"start":{"line":59,"column":27},"end":{"line":59,"column":42}}},"fnMap":{},"branchMap":{},"s":{"0":12,"1":12,"2":12,"3":12,"4":12,"5":12,"6":12,"7":12},"f":{},"b":{}},"/Users/lenaicgrolleau/Projects/perso/tagstrip/specification/src/core/crc.js":{"path":"/Users/lenaicgrolleau/Projects/perso/tagstrip/specification/src/core/crc.js","statementMap":{"0":{"start":{"line":11,"column":19},"end":{"line":11,"column":56}},"1":{"start":{"line":12,"column":2},"end":{"line":12,"column":null}},"2":{"start":{"line":15,"column":24},"end":{"line":15,"column":35}},"3":{"start":{"line":18,"column":2},"end":{"line":26,"column":null}},"4":{"start":{"line":18,"column":15},"end":{"line":18,"column":16}},"5":{"start":{"line":20,"column":4},"end":{"line":25,"column":null}},"6":{"start":{"line":21,"column":6},"end":{"line":24,"column":null}},"7":{"start":{"line":21,"column":19},"end":{"line":21,"column":20}},"8":{"start":{"line":22,"column":24},"end":{"line":22,"column":57}},"9":{"start":{"line":23,"column":8},"end":{"line":23,"column":null}},"10":{"start":{"line":29,"column":14},"end":{"line":29,"column":37}},"11":{"start":{"line":30,"column":2},"end":{"line":32,"column":null}},"12":{"start":{"line":30,"column":15},"end":{"line":30,"column":16}},"13":{"start":{"line":31,"column":4},"end":{"line":31,"column":null}},"14":{"start":{"line":34,"column":2},"end":{"line":34,"column":null}},"15":{"start":{"line":47,"column":19},"end":{"line":47,"column":64}},"16":{"start":{"line":49,"column":2},"end":{"line":51,"column":null}},"17":{"start":{"line":50,"column":4},"end":{"line":50,"column":null}},"18":{"start":{"line":53,"column":2},"end":{"line":57,"column":null}},"19":{"start":{"line":53,"column":15},"end":{"line":53,"column":16}},"20":{"start":{"line":54,"column":4},"end":{"line":56,"column":null}},"21":{"start":{"line":55,"column":6},"end":{"line":55,"column":null}},"22":{"start":{"line":59,"column":2},"end":{"line":59,"column":null}}},"fnMap":{"0":{"name":"computeCRC","decl":{"start":{"line":9,"column":16},"end":{"line":9,"column":26}},"loc":{"start":{"line":9,"column":54},"end":{"line":35,"column":null}}},"1":{"name":"verifyCRC","decl":{"start":{"line":46,"column":16},"end":{"line":46,"column":25}},"loc":{"start":{"line":46,"column":70},"end":{"line":60,"column":null}}}},"branchMap":{"0":{"loc":{"start":{"line":20,"column":4},"end":{"line":25,"column":null}},"type":"if","locations":[{"start":{"line":20,"column":4},"end":{"line":25,"column":null}},{"start":{},"end":{}}]},"1":{"loc":{"start":{"line":49,"column":2},"end":{"line":51,"column":null}},"type":"if","locations":[{"start":{"line":49,"column":2},"end":{"line":51,"column":null}},{"start":{},"end":{}}]},"2":{"loc":{"start":{"line":54,"column":4},"end":{"line":56,"column":null}},"type":"if","locations":[{"start":{"line":54,"column":4},"end":{"line":56,"column":null}},{"start":{},"end":{}}]}},"s":{"0":12555,"1":12555,"2":12555,"3":12555,"4":12555,"5":163008,"6":80904,"7":80904,"8":373257,"9":373257,"10":12555,"11":12555,"12":12555,"13":43908,"14":12555,"15":6258,"16":6258,"17":3,"18":6255,"19":6255,"20":21783,"21":60,"22":6195},"f":{"0":12555,"1":6258},"b":{"0":[80904,82104],"1":[3,6255],"2":[60,21723]}},"/Users/lenaicgrolleau/Projects/perso/tagstrip/specification/src/core/decoder.js":{"path":"/Users/lenaicgrolleau/Projects/perso/tagstrip/specification/src/core/decoder.js","statementMap":{"0":{"start":{"line":23,"column":2},"end":{"line":27,"column":null}},"1":{"start":{"line":23,"column":15},"end":{"line":23,"column":16}},"2":{"start":{"line":24,"column":4},"end":{"line":26,"column":null}},"3":{"start":{"line":25,"column":6},"end":{"line":25,"column":null}},"4":{"start":{"line":29,"column":2},"end":{"line":29,"column":null}},"5":{"start":{"line":41,"column":17},"end":{"line":41,"column":32}},"6":{"start":{"line":42,"column":17},"end":{"line":42,"column":39}},"7":{"start":{"line":43,"column":2},"end":{"line":45,"column":null}},"8":{"start":{"line":43,"column":15},"end":{"line":43,"column":16}},"9":{"start":{"line":44,"column":4},"end":{"line":44,"column":null}},"10":{"start":{"line":46,"column":2},"end":{"line":46,"column":null}},"11":{"start":{"line":56,"column":14},"end":{"line":56,"column":15}},"12":{"start":{"line":57,"column":2},"end":{"line":59,"column":null}},"13":{"start":{"line":57,"column":15},"end":{"line":57,"column":16}},"14":{"start":{"line":58,"column":4},"end":{"line":58,"column":null}},"15":{"start":{"line":60,"column":2},"end":{"line":60,"column":null}},"16":{"start":{"line":76,"column":2},"end":{"line":78,"column":null}},"17":{"start":{"line":77,"column":4},"end":{"line":77,"column":null}},"18":{"start":{"line":81,"column":2},"end":{"line":83,"column":null}},"19":{"start":{"line":82,"column":4},"end":{"line":82,"column":null}},"20":{"start":{"line":86,"column":2},"end":{"line":88,"column":null}},"21":{"start":{"line":87,"column":4},"end":{"line":87,"column":null}},"22":{"start":{"line":91,"column":22},"end":{"line":91,"column":93}},"23":{"start":{"line":94,"column":18},"end":{"line":94,"column":81}},"24":{"start":{"line":97,"column":2},"end":{"line":99,"column":null}},"25":{"start":{"line":98,"column":4},"end":{"line":98,"column":null}},"26":{"start":{"line":102,"column":16},"end":{"line":102,"column":42}},"27":{"start":{"line":104,"column":2},"end":{"line":108,"column":null}},"28":{"start":{"line":124,"column":2},"end":{"line":126,"column":null}},"29":{"start":{"line":125,"column":4},"end":{"line":125,"column":null}},"30":{"start":{"line":129,"column":2},"end":{"line":131,"column":null}},"31":{"start":{"line":130,"column":4},"end":{"line":130,"column":null}},"32":{"start":{"line":134,"column":2},"end":{"line":136,"column":null}},"33":{"start":{"line":135,"column":4},"end":{"line":135,"column":null}},"34":{"start":{"line":139,"column":22},"end":{"line":139,"column":91}},"35":{"start":{"line":142,"column":18},"end":{"line":142,"column":79}},"36":{"start":{"line":145,"column":2},"end":{"line":147,"column":null}},"37":{"start":{"line":146,"column":4},"end":{"line":146,"column":null}},"38":{"start":{"line":150,"column":16},"end":{"line":150,"column":42}},"39":{"start":{"line":152,"column":2},"end":{"line":156,"column":null}},"40":{"start":{"line":166,"column":2},"end":{"line":168,"column":null}},"41":{"start":{"line":167,"column":4},"end":{"line":167,"column":null}},"42":{"start":{"line":171,"column":2},"end":{"line":176,"column":null}},"43":{"start":{"line":172,"column":19},"end":{"line":172,"column":36}},"44":{"start":{"line":173,"column":4},"end":{"line":175,"column":null}},"45":{"start":{"line":174,"column":6},"end":{"line":174,"column":null}},"46":{"start":{"line":179,"column":2},"end":{"line":184,"column":null}},"47":{"start":{"line":180,"column":19},"end":{"line":180,"column":35}},"48":{"start":{"line":181,"column":4},"end":{"line":183,"column":null}},"49":{"start":{"line":182,"column":6},"end":{"line":182,"column":null}},"50":{"start":{"line":187,"column":19},"end":{"line":187,"column":46}},"51":{"start":{"line":188,"column":2},"end":{"line":190,"column":null}},"52":{"start":{"line":188,"column":15},"end":{"line":188,"column":16}},"53":{"start":{"line":189,"column":4},"end":{"line":189,"column":null}},"54":{"start":{"line":192,"column":2},"end":{"line":197,"column":null}},"55":{"start":{"line":193,"column":19},"end":{"line":193,"column":40}},"56":{"start":{"line":194,"column":4},"end":{"line":196,"column":null}},"57":{"start":{"line":195,"column":6},"end":{"line":195,"column":null}},"58":{"start":{"line":199,"column":2},"end":{"line":204,"column":null}},"59":{"start":{"line":200,"column":19},"end":{"line":200,"column":39}},"60":{"start":{"line":201,"column":4},"end":{"line":203,"column":null}},"61":{"start":{"line":202,"column":6},"end":{"line":202,"column":null}},"62":{"start":{"line":207,"column":2},"end":{"line":209,"column":null}},"63":{"start":{"line":208,"column":4},"end":{"line":208,"column":null}},"64":{"start":{"line":212,"column":23},"end":{"line":213,"column":67}},"65":{"start":{"line":215,"column":2},"end":{"line":217,"column":null}},"66":{"start":{"line":216,"column":4},"end":{"line":216,"column":null}},"67":{"start":{"line":220,"column":2},"end":{"line":220,"column":null}}},"fnMap":{"0":{"name":"matchesPattern","decl":{"start":{"line":17,"column":9},"end":{"line":17,"column":23}},"loc":{"start":{"line":17,"column":51},"end":{"line":30,"column":null}}},"1":{"name":"extractBits","decl":{"start":{"line":40,"column":9},"end":{"line":40,"column":20}},"loc":{"start":{"line":40,"column":39},"end":{"line":47,"column":null}}},"2":{"name":"bitsToInteger","decl":{"start":{"line":55,"column":9},"end":{"line":55,"column":22}},"loc":{"start":{"line":55,"column":36},"end":{"line":61,"column":null}}},"3":{"name":"decodeShort","decl":{"start":{"line":69,"column":9},"end":{"line":69,"column":20}},"loc":{"start":{"line":69,"column":27},"end":{"line":109,"column":null}}},"4":{"name":"decodeLong","decl":{"start":{"line":117,"column":9},"end":{"line":117,"column":19}},"loc":{"start":{"line":117,"column":26},"end":{"line":157,"column":null}}},"5":{"name":"decodeBits","decl":{"start":{"line":165,"column":16},"end":{"line":165,"column":26}},"loc":{"start":{"line":165,"column":33},"end":{"line":221,"column":null}}}},"branchMap":{"0":{"loc":{"start":{"line":24,"column":4},"end":{"line":26,"column":null}},"type":"if","locations":[{"start":{"line":24,"column":4},"end":{"line":26,"column":null}},{"start":{},"end":{}}]},"1":{"loc":{"start":{"line":76,"column":2},"end":{"line":78,"column":null}},"type":"if","locations":[{"start":{"line":76,"column":2},"end":{"line":78,"column":null}},{"start":{},"end":{}}]},"2":{"loc":{"start":{"line":81,"column":2},"end":{"line":83,"column":null}},"type":"if","locations":[{"start":{"line":81,"column":2},"end":{"line":83,"column":null}},{"start":{},"end":{}}]},"3":{"loc":{"start":{"line":86,"column":2},"end":{"line":88,"column":null}},"type":"if","locations":[{"start":{"line":86,"column":2},"end":{"line":88,"column":null}},{"start":{},"end":{}}]},"4":{"loc":{"start":{"line":97,"column":2},"end":{"line":99,"column":null}},"type":"if","locations":[{"start":{"line":97,"column":2},"end":{"line":99,"column":null}},{"start":{},"end":{}}]},"5":{"loc":{"start":{"line":124,"column":2},"end":{"line":126,"column":null}},"type":"if","locations":[{"start":{"line":124,"column":2},"end":{"line":126,"column":null}},{"start":{},"end":{}}]},"6":{"loc":{"start":{"line":129,"column":2},"end":{"line":131,"column":null}},"type":"if","locations":[{"start":{"line":129,"column":2},"end":{"line":131,"column":null}},{"start":{},"end":{}}]},"7":{"loc":{"start":{"line":134,"column":2},"end":{"line":136,"column":null}},"type":"if","locations":[{"start":{"line":134,"column":2},"end":{"line":136,"column":null}},{"start":{},"end":{}}]},"8":{"loc":{"start":{"line":145,"column":2},"end":{"line":147,"column":null}},"type":"if","locations":[{"start":{"line":145,"column":2},"end":{"line":147,"column":null}},{"start":{},"end":{}}]},"9":{"loc":{"start":{"line":166,"column":2},"end":{"line":168,"column":null}},"type":"if","locations":[{"start":{"line":166,"column":2},"end":{"line":168,"column":null}},{"start":{},"end":{}}]},"10":{"loc":{"start":{"line":166,"column":6},"end":{"line":166,"column":32}},"type":"binary-expr","locations":[{"start":{"line":166,"column":6},"end":{"line":166,"column":11}},{"start":{"line":166,"column":15},"end":{"line":166,"column":32}}]},"11":{"loc":{"start":{"line":171,"column":2},"end":{"line":176,"column":null}},"type":"if","locations":[{"start":{"line":171,"column":2},"end":{"line":176,"column":null}},{"start":{},"end":{}}]},"12":{"loc":{"start":{"line":173,"column":4},"end":{"line":175,"column":null}},"type":"if","locations":[{"start":{"line":173,"column":4},"end":{"line":175,"column":null}},{"start":{},"end":{}}]},"13":{"loc":{"start":{"line":179,"column":2},"end":{"line":184,"column":null}},"type":"if","locations":[{"start":{"line":179,"column":2},"end":{"line":184,"column":null}},{"start":{},"end":{}}]},"14":{"loc":{"start":{"line":181,"column":4},"end":{"line":183,"column":null}},"type":"if","locations":[{"start":{"line":181,"column":4},"end":{"line":183,"column":null}},{"start":{},"end":{}}]},"15":{"loc":{"start":{"line":192,"column":2},"end":{"line":197,"column":null}},"type":"if","locations":[{"start":{"line":192,"column":2},"end":{"line":197,"column":null}},{"start":{},"end":{}}]},"16":{"loc":{"start":{"line":194,"column":4},"end":{"line":196,"column":null}},"type":"if","locations":[{"start":{"line":194,"column":4},"end":{"line":196,"column":null}},{"start":{},"end":{}}]},"17":{"loc":{"start":{"line":199,"column":2},"end":{"line":204,"column":null}},"type":"if","locations":[{"start":{"line":199,"column":2},"end":{"line":204,"column":null}},{"start":{},"end":{}}]},"18":{"loc":{"start":{"line":201,"column":4},"end":{"line":203,"column":null}},"type":"if","locations":[{"start":{"line":201,"column":4},"end":{"line":203,"column":null}},{"start":{},"end":{}}]},"19":{"loc":{"start":{"line":207,"column":2},"end":{"line":209,"column":null}},"type":"if","locations":[{"start":{"line":207,"column":2},"end":{"line":209,"column":null}},{"start":{},"end":{}}]},"20":{"loc":{"start":{"line":207,"column":6},"end":{"line":207,"column":81}},"type":"binary-expr","locations":[{"start":{"line":207,"column":6},"end":{"line":207,"column":42}},{"start":{"line":207,"column":46},"end":{"line":207,"column":81}}]},"21":{"loc":{"start":{"line":212,"column":23},"end":{"line":213,"column":67}},"type":"binary-expr","locations":[{"start":{"line":212,"column":23},"end":{"line":212,"column":68}},{"start":{"line":213,"column":23},"end":{"line":213,"column":67}}]},"22":{"loc":{"start":{"line":215,"column":2},"end":{"line":217,"column":null}},"type":"if","locations":[{"start":{"line":215,"column":2},"end":{"line":217,"column":null}},{"start":{},"end":{}}]}},"s":{"0":18936,"1":18936,"2":47310,"3":84,"4":18852,"5":12486,"6":12486,"7":12486,"8":12486,"9":102894,"10":12486,"11":6189,"12":6189,"13":6189,"14":80448,"15":6189,"16":3195,"17":6,"18":3189,"19":48,"20":3141,"21":3,"22":3138,"23":3138,"24":3138,"25":42,"26":3096,"27":3096,"28":3120,"29":6,"30":3114,"31":3,"32":3111,"33":6,"34":3105,"35":3105,"36":3105,"37":12,"38":3093,"39":3093,"40":6255,"41":3,"42":6252,"43":3144,"44":3144,"45":3093,"46":3159,"47":3105,"48":3105,"49":3090,"50":69,"51":69,"52":69,"53":1485,"54":69,"55":51,"56":51,"57":3,"58":66,"59":15,"60":15,"61":3,"62":63,"63":3,"64":60,"65":60,"66":6,"67":54},"f":{"0":18936,"1":12486,"2":6189,"3":3195,"4":3120,"5":6255},"b":{"0":[84,47226],"1":[6,3189],"2":[48,3141],"3":[3,3138],"4":[42,3096],"5":[6,3114],"6":[3,3111],"7":[6,3105],"8":[12,3093],"9":[3,6252],"10":[6255,6255],"11":[3144,3108],"12":[3093,51],"13":[3105,54],"14":[3090,15],"15":[51,18],"16":[3,48],"17":[15,51],"18":[3,12],"19":[3,60],"20":[63,15],"21":[60,6],"22":[6,54]}},"/Users/lenaicgrolleau/Projects/perso/tagstrip/specification/src/core/encoder.js":{"path":"/Users/lenaicgrolleau/Projects/perso/tagstrip/specification/src/core/encoder.js","statementMap":{"0":{"start":{"line":22,"column":19},"end":{"line":22,"column":56}},"1":{"start":{"line":23,"column":20},"end":{"line":23,"column":59}},"2":{"start":{"line":26,"column":2},"end":{"line":28,"column":null}},"3":{"start":{"line":27,"column":4},"end":{"line":27,"column":null}},"4":{"start":{"line":30,"column":17},"end":{"line":30,"column":59}},"5":{"start":{"line":33,"column":2},"end":{"line":35,"column":null}},"6":{"start":{"line":34,"column":4},"end":{"line":34,"column":null}},"7":{"start":{"line":37,"column":2},"end":{"line":39,"column":null}},"8":{"start":{"line":38,"column":4},"end":{"line":38,"column":null}},"9":{"start":{"line":42,"column":15},"end":{"line":42,"column":17}},"10":{"start":{"line":45,"column":2},"end":{"line":45,"column":null}},"11":{"start":{"line":48,"column":2},"end":{"line":48,"column":null}},"12":{"start":{"line":51,"column":22},"end":{"line":51,"column":57}},"13":{"start":{"line":52,"column":2},"end":{"line":55,"column":null}},"14":{"start":{"line":52,"column":15},"end":{"line":52,"column":16}},"15":{"start":{"line":53,"column":19},"end":{"line":53,"column":46}},"16":{"start":{"line":54,"column":4},"end":{"line":54,"column":null}},"17":{"start":{"line":56,"column":2},"end":{"line":56,"column":null}},"18":{"start":{"line":59,"column":18},"end":{"line":59,"column":81}},"19":{"start":{"line":60,"column":2},"end":{"line":60,"column":null}},"20":{"start":{"line":63,"column":2},"end":{"line":63,"column":null}},"21":{"start":{"line":72,"column":2},"end":{"line":72,"column":null}},"22":{"start":{"line":72,"column":25},"end":{"line":72,"column":57}},"23":{"start":{"line":84,"column":15},"end":{"line":84,"column":41}},"24":{"start":{"line":85,"column":2},"end":{"line":93,"column":null}},"25":{"start":{"line":85,"column":15},"end":{"line":85,"column":16}},"26":{"start":{"line":86,"column":4},"end":{"line":92,"column":null}},"27":{"start":{"line":87,"column":6},"end":{"line":87,"column":null}},"28":{"start":{"line":88,"column":11},"end":{"line":92,"column":null}},"29":{"start":{"line":89,"column":6},"end":{"line":89,"column":null}},"30":{"start":{"line":91,"column":6},"end":{"line":91,"column":null}},"31":{"start":{"line":94,"column":2},"end":{"line":94,"column":null}}},"fnMap":{"0":{"name":"encode","decl":{"start":{"line":21,"column":16},"end":{"line":21,"column":22}},"loc":{"start":{"line":21,"column":62},"end":{"line":73,"column":null}}},"1":{"name":"(anonymous_1)","decl":{"start":{"line":72,"column":18},"end":{"line":72,"column":21}},"loc":{"start":{"line":72,"column":25},"end":{"line":72,"column":57}}},"2":{"name":"stringToBits","decl":{"start":{"line":83,"column":16},"end":{"line":83,"column":28}},"loc":{"start":{"line":83,"column":96},"end":{"line":95,"column":null}}}},"branchMap":{"0":{"loc":{"start":{"line":21,"column":30},"end":{"line":21,"column":46}},"type":"default-arg","locations":[{"start":{"line":21,"column":40},"end":{"line":21,"column":46}}]},"1":{"loc":{"start":{"line":21,"column":48},"end":{"line":21,"column":60}},"type":"default-arg","locations":[{"start":{"line":21,"column":58},"end":{"line":21,"column":60}}]},"2":{"loc":{"start":{"line":22,"column":19},"end":{"line":22,"column":56}},"type":"binary-expr","locations":[{"start":{"line":22,"column":19},"end":{"line":22,"column":35}},{"start":{"line":22,"column":39},"end":{"line":22,"column":56}}]},"3":{"loc":{"start":{"line":23,"column":20},"end":{"line":23,"column":59}},"type":"binary-expr","locations":[{"start":{"line":23,"column":20},"end":{"line":23,"column":37}},{"start":{"line":23,"column":41},"end":{"line":23,"column":59}}]},"4":{"loc":{"start":{"line":26,"column":2},"end":{"line":28,"column":null}},"type":"if","locations":[{"start":{"line":26,"column":2},"end":{"line":28,"column":null}},{"start":{},"end":{}}]},"5":{"loc":{"start":{"line":26,"column":6},"end":{"line":26,"column":47}},"type":"binary-expr","locations":[{"start":{"line":26,"column":6},"end":{"line":26,"column":25}},{"start":{"line":26,"column":29},"end":{"line":26,"column":47}}]},"6":{"loc":{"start":{"line":30,"column":17},"end":{"line":30,"column":59}},"type":"cond-expr","locations":[{"start":{"line":30,"column":39},"end":{"line":30,"column":48}},{"start":{"line":30,"column":51},"end":{"line":30,"column":59}}]},"7":{"loc":{"start":{"line":33,"column":2},"end":{"line":35,"column":null}},"type":"if","locations":[{"start":{"line":33,"column":2},"end":{"line":35,"column":null}},{"start":{},"end":{}}]},"8":{"loc":{"start":{"line":33,"column":6},"end":{"line":33,"column":40}},"type":"binary-expr","locations":[{"start":{"line":33,"column":6},"end":{"line":33,"column":15}},{"start":{"line":33,"column":19},"end":{"line":33,"column":40}}]},"9":{"loc":{"start":{"line":37,"column":2},"end":{"line":39,"column":null}},"type":"if","locations":[{"start":{"line":37,"column":2},"end":{"line":39,"column":null}},{"start":{},"end":{}}]},"10":{"loc":{"start":{"line":72,"column":25},"end":{"line":72,"column":57}},"type":"cond-expr","locations":[{"start":{"line":72,"column":37},"end":{"line":72,"column":45}},{"start":{"line":72,"column":48},"end":{"line":72,"column":57}}]},"11":{"loc":{"start":{"line":83,"column":34},"end":{"line":83,"column":62}},"type":"default-arg","locations":[{"start":{"line":83,"column":45},"end":{"line":83,"column":62}}]},"12":{"loc":{"start":{"line":83,"column":64},"end":{"line":83,"column":94}},"type":"default-arg","locations":[{"start":{"line":83,"column":76},"end":{"line":83,"column":94}}]},"13":{"loc":{"start":{"line":86,"column":4},"end":{"line":92,"column":null}},"type":"if","locations":[{"start":{"line":86,"column":4},"end":{"line":92,"column":null}},{"start":{"line":88,"column":11},"end":{"line":92,"column":null}}]},"14":{"loc":{"start":{"line":88,"column":11},"end":{"line":92,"column":null}},"type":"if","locations":[{"start":{"line":88,"column":11},"end":{"line":92,"column":null}},{"start":{"line":90,"column":11},"end":{"line":92,"column":null}}]}},"s":{"0":6288,"1":6288,"2":6288,"3":3,"4":6285,"5":6285,"6":12,"7":6273,"8":3,"9":6270,"10":6270,"11":6270,"12":6270,"13":6270,"14":6270,"15":81438,"16":81438,"17":6270,"18":6270,"19":6270,"20":6270,"21":6270,"22":150384,"23":6231,"24":6231,"25":6231,"26":149436,"27":82329,"28":67107,"29":67104,"30":3,"31":6228},"f":{"0":6288,"1":150384,"2":6231},"b":{"0":[3],"1":[6285],"2":[6288,6285],"3":[6288,6285],"4":[3,6285],"5":[6288,3132],"6":[3156,3129],"7":[12,6273],"8":[6285,6279],"9":[3,6270],"10":[82767,67617],"11":[6231],"12":[6231],"13":[82329,67107],"14":[67104,3]}},"/Users/lenaicgrolleau/Projects/perso/tagstrip/specification/src/scanner/binarize.js":{"path":"/Users/lenaicgrolleau/Projects/perso/tagstrip/specification/src/scanner/binarize.js","statementMap":{"0":{"start":{"line":72,"column":34},"end":{"line":72,"column":43}},"1":{"start":{"line":73,"column":20},"end":{"line":73,"column":57}},"2":{"start":{"line":75,"column":2},"end":{"line":83,"column":null}},"3":{"start":{"line":75,"column":15},"end":{"line":75,"column":16}},"4":{"start":{"line":76,"column":19},"end":{"line":76,"column":24}},"5":{"start":{"line":77,"column":14},"end":{"line":77,"column":26}},"6":{"start":{"line":78,"column":14},"end":{"line":78,"column":30}},"7":{"start":{"line":79,"column":14},"end":{"line":79,"column":30}},"8":{"start":{"line":82,"column":4},"end":{"line":82,"column":null}},"9":{"start":{"line":85,"column":2},"end":{"line":85,"column":null}}},"fnMap":{"0":{"name":"toGrayscale","decl":{"start":{"line":71,"column":16},"end":{"line":71,"column":27}},"loc":{"start":{"line":71,"column":39},"end":{"line":86,"column":null}}}},"branchMap":{},"s":{"0":7,"1":7,"2":7,"3":7,"4":1557600,"5":1557600,"6":1557600,"7":1557600,"8":1557600,"9":7},"f":{"0":7},"b":{}},"/Users/lenaicgrolleau/Projects/perso/tagstrip/specification/src/scanner/locator.js":{"path":"/Users/lenaicgrolleau/Projects/perso/tagstrip/specification/src/scanner/locator.js","statementMap":{"0":{"start":{"line":34,"column":20},"end":{"line":34,"column":21}},"1":{"start":{"line":41,"column":20},"end":{"line":41,"column":24}},"2":{"start":{"line":47,"column":32},"end":{"line":47,"column":35}},"3":{"start":{"line":53,"column":27},"end":{"line":53,"column":29}},"4":{"start":{"line":65,"column":14},"end":{"line":65,"column":45}},"5":{"start":{"line":66,"column":2},"end":{"line":73,"column":null}},"6":{"start":{"line":66,"column":15},"end":{"line":66,"column":16}},"7":{"start":{"line":67,"column":14},"end":{"line":67,"column":15}},"8":{"start":{"line":67,"column":23},"end":{"line":67,"column":24}},"9":{"start":{"line":68,"column":4},"end":{"line":71,"column":null}},"10":{"start":{"line":68,"column":17},"end":{"line":68,"column":22}},"11":{"start":{"line":69,"column":16},"end":{"line":69,"column":21}},"12":{"start":{"line":70,"column":6},"end":{"line":70,"column":null}},"13":{"start":{"line":70,"column":41},"end":{"line":70,"column":58}},"14":{"start":{"line":70,"column":59},"end":{"line":70,"column":65}},"15":{"start":{"line":72,"column":4},"end":{"line":72,"column":null}},"16":{"start":{"line":74,"column":2},"end":{"line":74,"column":null}},"17":{"start":{"line":86,"column":15},"end":{"line":86,"column":17}},"18":{"start":{"line":87,"column":14},"end":{"line":87,"column":19}},"19":{"start":{"line":87,"column":26},"end":{"line":87,"column":27}},"20":{"start":{"line":88,"column":2},"end":{"line":94,"column":null}},"21":{"start":{"line":88,"column":15},"end":{"line":88,"column":21}},"22":{"start":{"line":89,"column":4},"end":{"line":93,"column":null}},"23":{"start":{"line":89,"column":28},"end":{"line":89,"column":41}},"24":{"start":{"line":89,"column":42},"end":{"line":89,"column":49}},"25":{"start":{"line":90,"column":9},"end":{"line":93,"column":null}},"26":{"start":{"line":91,"column":6},"end":{"line":91,"column":null}},"27":{"start":{"line":92,"column":6},"end":{"line":92,"column":null}},"28":{"start":{"line":95,"column":2},"end":{"line":97,"column":null}},"29":{"start":{"line":96,"column":4},"end":{"line":96,"column":null}},"30":{"start":{"line":98,"column":2},"end":{"line":98,"column":null}},"31":{"start":{"line":110,"column":2},"end":{"line":110,"column":null}},"32":{"start":{"line":110,"column":25},"end":{"line":110,"column":null}},"33":{"start":{"line":111,"column":17},"end":{"line":111,"column":19}},"34":{"start":{"line":112,"column":18},"end":{"line":112,"column":34}},"35":{"start":{"line":113,"column":2},"end":{"line":120,"column":null}},"36":{"start":{"line":113,"column":15},"end":{"line":113,"column":16}},"37":{"start":{"line":114,"column":4},"end":{"line":119,"column":null}},"38":{"start":{"line":115,"column":6},"end":{"line":115,"column":null}},"39":{"start":{"line":117,"column":6},"end":{"line":117,"column":null}},"40":{"start":{"line":117,"column":45},"end":{"line":117,"column":50}},"41":{"start":{"line":118,"column":6},"end":{"line":118,"column":null}},"42":{"start":{"line":121,"column":2},"end":{"line":121,"column":null}},"43":{"start":{"line":121,"column":41},"end":{"line":121,"column":46}},"44":{"start":{"line":122,"column":2},"end":{"line":122,"column":null}},"45":{"start":{"line":136,"column":2},"end":{"line":144,"column":null}},"46":{"start":{"line":136,"column":15},"end":{"line":136,"column":16}},"47":{"start":{"line":137,"column":16},"end":{"line":137,"column":43}},"48":{"start":{"line":138,"column":16},"end":{"line":138,"column":47}},"49":{"start":{"line":139,"column":4},"end":{"line":139,"column":null}},"50":{"start":{"line":139,"column":30},"end":{"line":139,"column":null}},"51":{"start":{"line":140,"column":18},"end":{"line":140,"column":57}},"52":{"start":{"line":141,"column":4},"end":{"line":143,"column":null}},"53":{"start":{"line":142,"column":6},"end":{"line":142,"column":null}},"54":{"start":{"line":145,"column":2},"end":{"line":145,"column":null}},"55":{"start":{"line":212,"column":16},"end":{"line":212,"column":25}},"56":{"start":{"line":213,"column":2},"end":{"line":215,"column":null}},"57":{"start":{"line":213,"column":15},"end":{"line":213,"column":16}},"58":{"start":{"line":214,"column":4},"end":{"line":214,"column":null}},"59":{"start":{"line":217,"column":15},"end":{"line":217,"column":38}},"60":{"start":{"line":224,"column":18},"end":{"line":224,"column":73}},"61":{"start":{"line":226,"column":2},"end":{"line":237,"column":null}},"62":{"start":{"line":226,"column":15},"end":{"line":226,"column":16}},"63":{"start":{"line":227,"column":15},"end":{"line":227,"column":54}},"64":{"start":{"line":228,"column":4},"end":{"line":228,"column":null}},"65":{"start":{"line":228,"column":21},"end":{"line":228,"column":null}},"66":{"start":{"line":229,"column":17},"end":{"line":229,"column":25}},"67":{"start":{"line":230,"column":4},"end":{"line":235,"column":null}},"68":{"start":{"line":230,"column":18},"end":{"line":230,"column":26}},"69":{"start":{"line":231,"column":16},"end":{"line":231,"column":35}},"70":{"start":{"line":232,"column":6},"end":{"line":234,"column":null}},"71":{"start":{"line":233,"column":8},"end":{"line":233,"column":null}},"72":{"start":{"line":233,"column":34},"end":{"line":233,"column":null}},"73":{"start":{"line":236,"column":4},"end":{"line":236,"column":null}},"74":{"start":{"line":238,"column":2},"end":{"line":238,"column":null}},"75":{"start":{"line":252,"column":19},"end":{"line":252,"column":51}},"76":{"start":{"line":255,"column":20},"end":{"line":255,"column":44}},"77":{"start":{"line":256,"column":20},"end":{"line":256,"column":44}},"78":{"start":{"line":257,"column":17},"end":{"line":257,"column":25}},"79":{"start":{"line":257,"column":38},"end":{"line":257,"column":47}},"80":{"start":{"line":258,"column":2},"end":{"line":261,"column":null}},"81":{"start":{"line":258,"column":15},"end":{"line":258,"column":24}},"82":{"start":{"line":259,"column":4},"end":{"line":259,"column":null}},"83":{"start":{"line":259,"column":32},"end":{"line":259,"column":null}},"84":{"start":{"line":260,"column":4},"end":{"line":260,"column":null}},"85":{"start":{"line":260,"column":32},"end":{"line":260,"column":null}},"86":{"start":{"line":262,"column":2},"end":{"line":262,"column":44}},"87":{"start":{"line":262,"column":32},"end":{"line":262,"column":44}},"88":{"start":{"line":264,"column":17},"end":{"line":264,"column":63}},"89":{"start":{"line":267,"column":14},"end":{"line":267,"column":35}},"90":{"start":{"line":268,"column":2},"end":{"line":268,"column":null}},"91":{"start":{"line":268,"column":15},"end":{"line":268,"column":16}},"92":{"start":{"line":268,"column":34},"end":{"line":268,"column":null}},"93":{"start":{"line":271,"column":15},"end":{"line":271,"column":51}},"94":{"start":{"line":272,"column":2},"end":{"line":272,"column":35}},"95":{"start":{"line":272,"column":23},"end":{"line":272,"column":35}},"96":{"start":{"line":274,"column":23},"end":{"line":274,"column":64}},"97":{"start":{"line":275,"column":2},"end":{"line":275,"column":null}},"98":{"start":{"line":275,"column":31},"end":{"line":275,"column":null}},"99":{"start":{"line":278,"column":19},"end":{"line":278,"column":49}},"100":{"start":{"line":279,"column":2},"end":{"line":279,"column":null}},"101":{"start":{"line":279,"column":23},"end":{"line":279,"column":null}},"102":{"start":{"line":282,"column":14},"end":{"line":282,"column":65}},"103":{"start":{"line":283,"column":14},"end":{"line":283,"column":69}},"104":{"start":{"line":284,"column":22},"end":{"line":284,"column":37}},"105":{"start":{"line":297,"column":26},"end":{"line":297,"column":54}},"106":{"start":{"line":300,"column":29},"end":{"line":300,"column":64}},"107":{"start":{"line":301,"column":2},"end":{"line":313,"column":null}},"108":{"start":{"line":302,"column":29},"end":{"line":302,"column":80}},"109":{"start":{"line":303,"column":17},"end":{"line":305,"column":5}},"110":{"start":{"line":306,"column":4},"end":{"line":312,"column":null}},"111":{"start":{"line":307,"column":22},"end":{"line":307,"column":69}},"112":{"start":{"line":308,"column":23},"end":{"line":308,"column":53}},"113":{"start":{"line":309,"column":6},"end":{"line":311,"column":null}},"114":{"start":{"line":310,"column":8},"end":{"line":310,"column":null}},"115":{"start":{"line":318,"column":2},"end":{"line":330,"column":null}},"116":{"start":{"line":319,"column":29},"end":{"line":319,"column":79}},"117":{"start":{"line":320,"column":17},"end":{"line":322,"column":5}},"118":{"start":{"line":323,"column":4},"end":{"line":329,"column":null}},"119":{"start":{"line":324,"column":22},"end":{"line":324,"column":69}},"120":{"start":{"line":325,"column":23},"end":{"line":325,"column":53}},"121":{"start":{"line":326,"column":6},"end":{"line":328,"column":null}},"122":{"start":{"line":327,"column":8},"end":{"line":327,"column":null}},"123":{"start":{"line":332,"column":2},"end":{"line":332,"column":null}},"124":{"start":{"line":346,"column":15},"end":{"line":346,"column":54}},"125":{"start":{"line":348,"column":2},"end":{"line":361,"column":null}},"126":{"start":{"line":348,"column":15},"end":{"line":348,"column":16}},"127":{"start":{"line":350,"column":21},"end":{"line":350,"column":44}},"128":{"start":{"line":351,"column":4},"end":{"line":357,"column":null}},"129":{"start":{"line":351,"column":17},"end":{"line":351,"column":18}},"130":{"start":{"line":352,"column":16},"end":{"line":352,"column":17}},"131":{"start":{"line":353,"column":6},"end":{"line":355,"column":null}},"132":{"start":{"line":353,"column":20},"end":{"line":353,"column":21}},"133":{"start":{"line":354,"column":8},"end":{"line":354,"column":null}},"134":{"start":{"line":356,"column":6},"end":{"line":356,"column":null}},"135":{"start":{"line":359,"column":19},"end":{"line":359,"column":53}},"136":{"start":{"line":360,"column":4},"end":{"line":360,"column":null}},"137":{"start":{"line":360,"column":16},"end":{"line":360,"column":null}},"138":{"start":{"line":363,"column":2},"end":{"line":363,"column":null}},"139":{"start":{"line":405,"column":15},"end":{"line":405,"column":17}},"140":{"start":{"line":406,"column":14},"end":{"line":406,"column":19}},"141":{"start":{"line":406,"column":26},"end":{"line":406,"column":27}},"142":{"start":{"line":407,"column":2},"end":{"line":414,"column":null}},"143":{"start":{"line":407,"column":15},"end":{"line":407,"column":16}},"144":{"start":{"line":408,"column":4},"end":{"line":413,"column":null}},"145":{"start":{"line":408,"column":31},"end":{"line":408,"column":44}},"146":{"start":{"line":408,"column":45},"end":{"line":408,"column":52}},"147":{"start":{"line":409,"column":9},"end":{"line":413,"column":null}},"148":{"start":{"line":410,"column":16},"end":{"line":410,"column":22}},"149":{"start":{"line":411,"column":6},"end":{"line":411,"column":null}},"150":{"start":{"line":411,"column":18},"end":{"line":411,"column":null}},"151":{"start":{"line":412,"column":6},"end":{"line":412,"column":null}},"152":{"start":{"line":415,"column":2},"end":{"line":418,"column":null}},"153":{"start":{"line":416,"column":14},"end":{"line":416,"column":32}},"154":{"start":{"line":417,"column":4},"end":{"line":417,"column":null}},"155":{"start":{"line":417,"column":16},"end":{"line":417,"column":null}},"156":{"start":{"line":420,"column":2},"end":{"line":425,"column":null}},"157":{"start":{"line":421,"column":24},"end":{"line":421,"column":38}},"158":{"start":{"line":422,"column":4},"end":{"line":424,"column":null}},"159":{"start":{"line":423,"column":6},"end":{"line":423,"column":null}},"160":{"start":{"line":426,"column":2},"end":{"line":426,"column":null}},"161":{"start":{"line":433,"column":15},"end":{"line":433,"column":38}},"162":{"start":{"line":434,"column":24},"end":{"line":434,"column":27}},"163":{"start":{"line":436,"column":2},"end":{"line":447,"column":null}},"164":{"start":{"line":436,"column":15},"end":{"line":436,"column":16}},"165":{"start":{"line":437,"column":22},"end":{"line":437,"column":56}},"166":{"start":{"line":438,"column":23},"end":{"line":438,"column":75}},"167":{"start":{"line":439,"column":24},"end":{"line":439,"column":58}},"168":{"start":{"line":440,"column":24},"end":{"line":440,"column":58}},"169":{"start":{"line":442,"column":4},"end":{"line":442,"column":null}},"170":{"start":{"line":442,"column":55},"end":{"line":442,"column":null}},"171":{"start":{"line":444,"column":14},"end":{"line":444,"column":15}},"172":{"start":{"line":444,"column":25},"end":{"line":444,"column":26}},"173":{"start":{"line":445,"column":4},"end":{"line":445,"column":null}},"174":{"start":{"line":445,"column":17},"end":{"line":445,"column":28}},"175":{"start":{"line":445,"column":53},"end":{"line":445,"column":70}},"176":{"start":{"line":445,"column":71},"end":{"line":445,"column":79}},"177":{"start":{"line":446,"column":4},"end":{"line":446,"column":null}},"178":{"start":{"line":448,"column":2},"end":{"line":448,"column":null}},"179":{"start":{"line":455,"column":16},"end":{"line":455,"column":37}},"180":{"start":{"line":456,"column":2},"end":{"line":456,"column":null}},"181":{"start":{"line":456,"column":14},"end":{"line":456,"column":null}},"182":{"start":{"line":458,"column":36},"end":{"line":458,"column":41}},"183":{"start":{"line":460,"column":20},"end":{"line":460,"column":83}},"184":{"start":{"line":461,"column":2},"end":{"line":465,"column":null}},"185":{"start":{"line":462,"column":4},"end":{"line":464,"column":null}},"186":{"start":{"line":463,"column":6},"end":{"line":463,"column":null}},"187":{"start":{"line":467,"column":19},"end":{"line":467,"column":81}},"188":{"start":{"line":468,"column":2},"end":{"line":472,"column":null}},"189":{"start":{"line":469,"column":4},"end":{"line":471,"column":null}},"190":{"start":{"line":470,"column":6},"end":{"line":470,"column":null}},"191":{"start":{"line":474,"column":2},"end":{"line":474,"column":null}}},"fnMap":{"0":{"name":"boxSmooth","decl":{"start":{"line":64,"column":9},"end":{"line":64,"column":18}},"loc":{"start":{"line":64,"column":33},"end":{"line":75,"column":null}}},"1":{"name":"extractRuns","decl":{"start":{"line":85,"column":9},"end":{"line":85,"column":20}},"loc":{"start":{"line":85,"column":40},"end":{"line":99,"column":null}}},"2":{"name":"groupRunCenters","decl":{"start":{"line":109,"column":9},"end":{"line":109,"column":24}},"loc":{"start":{"line":109,"column":39},"end":{"line":123,"column":null}}},"3":{"name":"(anonymous_3)","decl":{"start":{"line":117,"column":35},"end":{"line":117,"column":36}},"loc":{"start":{"line":117,"column":45},"end":{"line":117,"column":50}}},"4":{"name":"(anonymous_4)","decl":{"start":{"line":121,"column":31},"end":{"line":121,"column":32}},"loc":{"start":{"line":121,"column":41},"end":{"line":121,"column":46}}},"5":{"name":"findGuardTriplet","decl":{"start":{"line":135,"column":9},"end":{"line":135,"column":25}},"loc":{"start":{"line":135,"column":35},"end":{"line":146,"column":null}}},"6":{"name":"sampleBitsFromGroups","decl":{"start":{"line":211,"column":9},"end":{"line":211,"column":29}},"loc":{"start":{"line":211,"column":102},"end":{"line":239,"column":null}}},"7":{"name":"detectTagInSignal","decl":{"start":{"line":250,"column":16},"end":{"line":250,"column":33}},"loc":{"start":{"line":250,"column":51},"end":{"line":333,"column":null}}},"8":{"name":"searchBandsGrayscale","decl":{"start":{"line":345,"column":16},"end":{"line":345,"column":36}},"loc":{"start":{"line":345,"column":80},"end":{"line":364,"column":null}}},"9":{"name":"findLeftGuard","decl":{"start":{"line":404,"column":16},"end":{"line":404,"column":29}},"loc":{"start":{"line":404,"column":38},"end":{"line":427,"column":null}}},"10":{"name":"sampleBits","decl":{"start":{"line":432,"column":16},"end":{"line":432,"column":26}},"loc":{"start":{"line":432,"column":67},"end":{"line":449,"column":null}}},"11":{"name":"detectTag","decl":{"start":{"line":454,"column":16},"end":{"line":454,"column":25}},"loc":{"start":{"line":454,"column":34},"end":{"line":475,"column":null}}}},"branchMap":{"0":{"loc":{"start":{"line":70,"column":6},"end":{"line":70,"column":null}},"type":"if","locations":[{"start":{"line":70,"column":6},"end":{"line":70,"column":null}},{"start":{},"end":{}}]},"1":{"loc":{"start":{"line":70,"column":10},"end":{"line":70,"column":37}},"type":"binary-expr","locations":[{"start":{"line":70,"column":10},"end":{"line":70,"column":16}},{"start":{"line":70,"column":20},"end":{"line":70,"column":37}}]},"2":{"loc":{"start":{"line":89,"column":4},"end":{"line":93,"column":null}},"type":"if","locations":[{"start":{"line":89,"column":4},"end":{"line":93,"column":null}},{"start":{"line":90,"column":9},"end":{"line":93,"column":null}}]},"3":{"loc":{"start":{"line":89,"column":8},"end":{"line":89,"column":24}},"type":"binary-expr","locations":[{"start":{"line":89,"column":8},"end":{"line":89,"column":14}},{"start":{"line":89,"column":18},"end":{"line":89,"column":24}}]},"4":{"loc":{"start":{"line":90,"column":9},"end":{"line":93,"column":null}},"type":"if","locations":[{"start":{"line":90,"column":9},"end":{"line":93,"column":null}},{"start":{},"end":{}}]},"5":{"loc":{"start":{"line":90,"column":13},"end":{"line":90,"column":29}},"type":"binary-expr","locations":[{"start":{"line":90,"column":13},"end":{"line":90,"column":20}},{"start":{"line":90,"column":24},"end":{"line":90,"column":29}}]},"6":{"loc":{"start":{"line":95,"column":2},"end":{"line":97,"column":null}},"type":"if","locations":[{"start":{"line":95,"column":2},"end":{"line":97,"column":null}},{"start":{},"end":{}}]},"7":{"loc":{"start":{"line":110,"column":2},"end":{"line":110,"column":null}},"type":"if","locations":[{"start":{"line":110,"column":2},"end":{"line":110,"column":null}},{"start":{},"end":{}}]},"8":{"loc":{"start":{"line":114,"column":4},"end":{"line":119,"column":null}},"type":"if","locations":[{"start":{"line":114,"column":4},"end":{"line":119,"column":null}},{"start":{"line":116,"column":11},"end":{"line":119,"column":null}}]},"9":{"loc":{"start":{"line":139,"column":4},"end":{"line":139,"column":null}},"type":"if","locations":[{"start":{"line":139,"column":4},"end":{"line":139,"column":null}},{"start":{},"end":{}}]},"10":{"loc":{"start":{"line":139,"column":8},"end":{"line":139,"column":28}},"type":"binary-expr","locations":[{"start":{"line":139,"column":8},"end":{"line":139,"column":16}},{"start":{"line":139,"column":20},"end":{"line":139,"column":28}}]},"11":{"loc":{"start":{"line":141,"column":4},"end":{"line":143,"column":null}},"type":"if","locations":[{"start":{"line":141,"column":4},"end":{"line":143,"column":null}},{"start":{},"end":{}}]},"12":{"loc":{"start":{"line":228,"column":4},"end":{"line":228,"column":null}},"type":"if","locations":[{"start":{"line":228,"column":4},"end":{"line":228,"column":null}},{"start":{},"end":{}}]},"13":{"loc":{"start":{"line":232,"column":6},"end":{"line":234,"column":null}},"type":"if","locations":[{"start":{"line":232,"column":6},"end":{"line":234,"column":null}},{"start":{},"end":{}}]},"14":{"loc":{"start":{"line":232,"column":10},"end":{"line":232,"column":39}},"type":"binary-expr","locations":[{"start":{"line":232,"column":10},"end":{"line":232,"column":16}},{"start":{"line":232,"column":20},"end":{"line":232,"column":39}}]},"15":{"loc":{"start":{"line":233,"column":8},"end":{"line":233,"column":null}},"type":"if","locations":[{"start":{"line":233,"column":8},"end":{"line":233,"column":null}},{"start":{},"end":{}}]},"16":{"loc":{"start":{"line":236,"column":14},"end":{"line":236,"column":37}},"type":"cond-expr","locations":[{"start":{"line":236,"column":32},"end":{"line":236,"column":33}},{"start":{"line":236,"column":36},"end":{"line":236,"column":37}}]},"17":{"loc":{"start":{"line":259,"column":4},"end":{"line":259,"column":null}},"type":"if","locations":[{"start":{"line":259,"column":4},"end":{"line":259,"column":null}},{"start":{},"end":{}}]},"18":{"loc":{"start":{"line":260,"column":4},"end":{"line":260,"column":null}},"type":"if","locations":[{"start":{"line":260,"column":4},"end":{"line":260,"column":null}},{"start":{},"end":{}}]},"19":{"loc":{"start":{"line":262,"column":2},"end":{"line":262,"column":44}},"type":"if","locations":[{"start":{"line":262,"column":2},"end":{"line":262,"column":44}},{"start":{},"end":{}}]},"20":{"loc":{"start":{"line":268,"column":43},"end":{"line":268,"column":71}},"type":"cond-expr","locations":[{"start":{"line":268,"column":66},"end":{"line":268,"column":67}},{"start":{"line":268,"column":70},"end":{"line":268,"column":71}}]},"21":{"loc":{"start":{"line":272,"column":2},"end":{"line":272,"column":35}},"type":"if","locations":[{"start":{"line":272,"column":2},"end":{"line":272,"column":35}},{"start":{},"end":{}}]},"22":{"loc":{"start":{"line":275,"column":2},"end":{"line":275,"column":null}},"type":"if","locations":[{"start":{"line":275,"column":2},"end":{"line":275,"column":null}},{"start":{},"end":{}}]},"23":{"loc":{"start":{"line":279,"column":2},"end":{"line":279,"column":null}},"type":"if","locations":[{"start":{"line":279,"column":2},"end":{"line":279,"column":null}},{"start":{},"end":{}}]},"24":{"loc":{"start":{"line":301,"column":2},"end":{"line":313,"column":null}},"type":"if","locations":[{"start":{"line":301,"column":2},"end":{"line":313,"column":null}},{"start":{},"end":{}}]},"25":{"loc":{"start":{"line":306,"column":4},"end":{"line":312,"column":null}},"type":"if","locations":[{"start":{"line":306,"column":4},"end":{"line":312,"column":null}},{"start":{},"end":{}}]},"26":{"loc":{"start":{"line":307,"column":22},"end":{"line":307,"column":69}},"type":"binary-expr","locations":[{"start":{"line":307,"column":22},"end":{"line":307,"column":35}},{"start":{"line":307,"column":39},"end":{"line":307,"column":52}},{"start":{"line":307,"column":56},"end":{"line":307,"column":69}}]},"27":{"loc":{"start":{"line":308,"column":23},"end":{"line":308,"column":53}},"type":"binary-expr","locations":[{"start":{"line":308,"column":23},"end":{"line":308,"column":36}},{"start":{"line":308,"column":40},"end":{"line":308,"column":53}}]},"28":{"loc":{"start":{"line":309,"column":6},"end":{"line":311,"column":null}},"type":"if","locations":[{"start":{"line":309,"column":6},"end":{"line":311,"column":null}},{"start":{},"end":{}}]},"29":{"loc":{"start":{"line":309,"column":10},"end":{"line":309,"column":29}},"type":"binary-expr","locations":[{"start":{"line":309,"column":10},"end":{"line":309,"column":17}},{"start":{"line":309,"column":21},"end":{"line":309,"column":29}}]},"30":{"loc":{"start":{"line":318,"column":2},"end":{"line":330,"column":null}},"type":"if","locations":[{"start":{"line":318,"column":2},"end":{"line":330,"column":null}},{"start":{},"end":{}}]},"31":{"loc":{"start":{"line":323,"column":4},"end":{"line":329,"column":null}},"type":"if","locations":[{"start":{"line":323,"column":4},"end":{"line":329,"column":null}},{"start":{},"end":{}}]},"32":{"loc":{"start":{"line":324,"column":22},"end":{"line":324,"column":69}},"type":"binary-expr","locations":[{"start":{"line":324,"column":22},"end":{"line":324,"column":35}},{"start":{"line":324,"column":39},"end":{"line":324,"column":52}},{"start":{"line":324,"column":56},"end":{"line":324,"column":69}}]},"33":{"loc":{"start":{"line":325,"column":23},"end":{"line":325,"column":53}},"type":"binary-expr","locations":[{"start":{"line":325,"column":23},"end":{"line":325,"column":36}},{"start":{"line":325,"column":40},"end":{"line":325,"column":53}}]},"34":{"loc":{"start":{"line":326,"column":6},"end":{"line":328,"column":null}},"type":"if","locations":[{"start":{"line":326,"column":6},"end":{"line":328,"column":null}},{"start":{},"end":{}}]},"35":{"loc":{"start":{"line":326,"column":10},"end":{"line":326,"column":29}},"type":"binary-expr","locations":[{"start":{"line":326,"column":10},"end":{"line":326,"column":17}},{"start":{"line":326,"column":21},"end":{"line":326,"column":29}}]},"36":{"loc":{"start":{"line":345,"column":63},"end":{"line":345,"column":78}},"type":"default-arg","locations":[{"start":{"line":345,"column":76},"end":{"line":345,"column":78}}]},"37":{"loc":{"start":{"line":360,"column":4},"end":{"line":360,"column":null}},"type":"if","locations":[{"start":{"line":360,"column":4},"end":{"line":360,"column":null}},{"start":{},"end":{}}]},"38":{"loc":{"start":{"line":408,"column":4},"end":{"line":413,"column":null}},"type":"if","locations":[{"start":{"line":408,"column":4},"end":{"line":413,"column":null}},{"start":{"line":409,"column":9},"end":{"line":413,"column":null}}]},"39":{"loc":{"start":{"line":408,"column":8},"end":{"line":408,"column":27}},"type":"binary-expr","locations":[{"start":{"line":408,"column":8},"end":{"line":408,"column":17}},{"start":{"line":408,"column":21},"end":{"line":408,"column":27}}]},"40":{"loc":{"start":{"line":409,"column":9},"end":{"line":413,"column":null}},"type":"if","locations":[{"start":{"line":409,"column":9},"end":{"line":413,"column":null}},{"start":{},"end":{}}]},"41":{"loc":{"start":{"line":409,"column":13},"end":{"line":409,"column":32}},"type":"binary-expr","locations":[{"start":{"line":409,"column":13},"end":{"line":409,"column":23}},{"start":{"line":409,"column":27},"end":{"line":409,"column":32}}]},"42":{"loc":{"start":{"line":411,"column":6},"end":{"line":411,"column":null}},"type":"if","locations":[{"start":{"line":411,"column":6},"end":{"line":411,"column":null}},{"start":{},"end":{}}]},"43":{"loc":{"start":{"line":415,"column":2},"end":{"line":418,"column":null}},"type":"if","locations":[{"start":{"line":415,"column":2},"end":{"line":418,"column":null}},{"start":{},"end":{}}]},"44":{"loc":{"start":{"line":417,"column":4},"end":{"line":417,"column":null}},"type":"if","locations":[{"start":{"line":417,"column":4},"end":{"line":417,"column":null}},{"start":{},"end":{}}]},"45":{"loc":{"start":{"line":422,"column":4},"end":{"line":424,"column":null}},"type":"if","locations":[{"start":{"line":422,"column":4},"end":{"line":424,"column":null}},{"start":{},"end":{}}]},"46":{"loc":{"start":{"line":422,"column":8},"end":{"line":422,"column":45}},"type":"binary-expr","locations":[{"start":{"line":422,"column":8},"end":{"line":422,"column":24}},{"start":{"line":422,"column":28},"end":{"line":422,"column":45}}]},"47":{"loc":{"start":{"line":442,"column":4},"end":{"line":442,"column":null}},"type":"if","locations":[{"start":{"line":442,"column":4},"end":{"line":442,"column":null}},{"start":{},"end":{}}]},"48":{"loc":{"start":{"line":442,"column":8},"end":{"line":442,"column":53}},"type":"binary-expr","locations":[{"start":{"line":442,"column":8},"end":{"line":442,"column":23}},{"start":{"line":442,"column":27},"end":{"line":442,"column":53}}]},"49":{"loc":{"start":{"line":446,"column":14},"end":{"line":446,"column":42}},"type":"cond-expr","locations":[{"start":{"line":446,"column":37},"end":{"line":446,"column":38}},{"start":{"line":446,"column":41},"end":{"line":446,"column":42}}]},"50":{"loc":{"start":{"line":456,"column":2},"end":{"line":456,"column":null}},"type":"if","locations":[{"start":{"line":456,"column":2},"end":{"line":456,"column":null}},{"start":{},"end":{}}]},"51":{"loc":{"start":{"line":461,"column":2},"end":{"line":465,"column":null}},"type":"if","locations":[{"start":{"line":461,"column":2},"end":{"line":465,"column":null}},{"start":{},"end":{}}]},"52":{"loc":{"start":{"line":461,"column":6},"end":{"line":461,"column":81}},"type":"binary-expr","locations":[{"start":{"line":461,"column":6},"end":{"line":461,"column":15}},{"start":{"line":461,"column":19},"end":{"line":461,"column":37}},{"start":{"line":461,"column":41},"end":{"line":461,"column":59}},{"start":{"line":461,"column":63},"end":{"line":461,"column":81}}]},"53":{"loc":{"start":{"line":462,"column":4},"end":{"line":464,"column":null}},"type":"if","locations":[{"start":{"line":462,"column":4},"end":{"line":464,"column":null}},{"start":{},"end":{}}]},"54":{"loc":{"start":{"line":462,"column":8},"end":{"line":462,"column":48}},"type":"binary-expr","locations":[{"start":{"line":462,"column":8},"end":{"line":462,"column":26}},{"start":{"line":462,"column":30},"end":{"line":462,"column":48}}]},"55":{"loc":{"start":{"line":468,"column":2},"end":{"line":472,"column":null}},"type":"if","locations":[{"start":{"line":468,"column":2},"end":{"line":472,"column":null}},{"start":{},"end":{}}]},"56":{"loc":{"start":{"line":468,"column":6},"end":{"line":468,"column":77}},"type":"binary-expr","locations":[{"start":{"line":468,"column":6},"end":{"line":468,"column":14}},{"start":{"line":468,"column":18},"end":{"line":468,"column":35}},{"start":{"line":468,"column":39},"end":{"line":468,"column":56}},{"start":{"line":468,"column":60},"end":{"line":468,"column":77}}]},"57":{"loc":{"start":{"line":469,"column":4},"end":{"line":471,"column":null}},"type":"if","locations":[{"start":{"line":469,"column":4},"end":{"line":471,"column":null}},{"start":{},"end":{}}]},"58":{"loc":{"start":{"line":469,"column":8},"end":{"line":469,"column":46}},"type":"binary-expr","locations":[{"start":{"line":469,"column":8},"end":{"line":469,"column":25}},{"start":{"line":469,"column":29},"end":{"line":469,"column":46}}]}},"s":{"0":5,"1":5,"2":5,"3":5,"4":89,"5":89,"6":89,"7":96120,"8":96120,"9":96120,"10":96120,"11":1441800,"12":1441800,"13":1436816,"14":1436816,"15":96120,"16":89,"17":88,"18":88,"19":88,"20":88,"21":88,"22":91256,"23":322,"24":322,"25":90934,"26":234,"27":234,"28":88,"29":88,"30":88,"31":22,"32":0,"33":22,"34":22,"35":22,"36":22,"37":139,"38":6,"39":133,"40":6,"41":133,"42":22,"43":0,"44":22,"45":21,"46":21,"47":34,"48":34,"49":34,"50":0,"51":34,"52":34,"53":20,"54":1,"55":1,"56":1,"57":1,"58":10,"59":1,"60":1,"61":1,"62":1,"63":20,"64":20,"65":0,"66":20,"67":20,"68":20,"69":340,"70":340,"71":340,"72":87,"73":20,"74":1,"75":89,"76":89,"77":89,"78":89,"79":89,"80":89,"81":89,"82":92293,"83":13364,"84":92293,"85":6509,"86":89,"87":1,"88":88,"89":88,"90":88,"91":88,"92":95040,"93":88,"94":88,"95":66,"96":22,"97":22,"98":1,"99":21,"100":21,"101":1,"102":20,"103":20,"104":20,"105":20,"106":20,"107":20,"108":1,"109":1,"110":1,"111":1,"112":1,"113":1,"114":1,"115":19,"116":0,"117":0,"118":0,"119":0,"120":0,"121":0,"122":0,"123":19,"124":7,"125":7,"126":7,"127":89,"128":89,"129":89,"130":96120,"131":96120,"132":96120,"133":1922400,"134":96120,"135":89,"136":89,"137":1,"138":6,"139":0,"140":0,"141":0,"142":0,"143":0,"144":0,"145":0,"146":0,"147":0,"148":0,"149":0,"150":0,"151":0,"152":0,"153":0,"154":0,"155":0,"156":0,"157":0,"158":0,"159":0,"160":0,"161":0,"162":0,"163":0,"164":0,"165":0,"166":0,"167":0,"168":0,"169":0,"170":0,"171":0,"172":0,"173":0,"174":0,"175":0,"176":0,"177":0,"178":0,"179":0,"180":0,"181":0,"182":0,"183":0,"184":0,"185":0,"186":0,"187":0,"188":0,"189":0,"190":0,"191":0},"f":{"0":89,"1":88,"2":22,"3":6,"4":0,"5":21,"6":1,"7":89,"8":7,"9":0,"10":0,"11":0},"b":{"0":[1436816,4984],"1":[1441800,1439308],"2":[322,90934],"3":[91256,46536],"4":[234,90700],"5":[90934,44720],"6":[88,0],"7":[0,22],"8":[6,133],"9":[0,34],"10":[34,34],"11":[20,14],"12":[0,20],"13":[340,0],"14":[340,340],"15":[87,253],"16":[10,10],"17":[13364,78929],"18":[6509,85784],"19":[1,88],"20":[49302,45738],"21":[66,22],"22":[1,21],"23":[1,20],"24":[1,19],"25":[1,0],"26":[1,1,1],"27":[1,1],"28":[1,0],"29":[1,1],"30":[0,19],"31":[0,0],"32":[0,0,0],"33":[0,0],"34":[0,0],"35":[0,0],"36":[7],"37":[1,88],"38":[0,0],"39":[0,0],"40":[0,0],"41":[0,0],"42":[0,0],"43":[0,0],"44":[0,0],"45":[0,0],"46":[0,0],"47":[0,0],"48":[0,0],"49":[0,0],"50":[0,0],"51":[0,0],"52":[0,0,0,0],"53":[0,0],"54":[0,0],"55":[0,0],"56":[0,0,0,0],"57":[0,0],"58":[0,0]}},"/Users/lenaicgrolleau/Projects/perso/tagstrip/specification/src/scanner/pipeline.js":{"path":"/Users/lenaicgrolleau/Projects/perso/tagstrip/specification/src/scanner/pipeline.js","statementMap":{"0":{"start":{"line":17,"column":28},"end":{"line":17,"column":37}},"1":{"start":{"line":21,"column":20},"end":{"line":21,"column":42}},"2":{"start":{"line":24,"column":19},"end":{"line":24,"column":65}},"3":{"start":{"line":26,"column":2},"end":{"line":28,"column":null}},"4":{"start":{"line":27,"column":4},"end":{"line":27,"column":null}},"5":{"start":{"line":31,"column":23},"end":{"line":31,"column":48}},"6":{"start":{"line":34,"column":2},"end":{"line":39,"column":null}},"7":{"start":{"line":41,"column":2},"end":{"line":45,"column":null}},"8":{"start":{"line":53,"column":4},"end":{"line":53,"column":null}},"9":{"start":{"line":54,"column":4},"end":{"line":54,"column":null}},"10":{"start":{"line":63,"column":4},"end":{"line":63,"column":null}},"11":{"start":{"line":64,"column":4},"end":{"line":66,"column":null}},"12":{"start":{"line":65,"column":6},"end":{"line":65,"column":null}},"13":{"start":{"line":75,"column":4},"end":{"line":77,"column":null}},"14":{"start":{"line":76,"column":6},"end":{"line":76,"column":18}},"15":{"start":{"line":80,"column":18},"end":{"line":80,"column":27}},"16":{"start":{"line":81,"column":23},"end":{"line":81,"column":24}},"17":{"start":{"line":83,"column":4},"end":{"line":89,"column":null}},"18":{"start":{"line":84,"column":6},"end":{"line":88,"column":null}},"19":{"start":{"line":85,"column":8},"end":{"line":85,"column":null}},"20":{"start":{"line":86,"column":20},"end":{"line":86,"column":55}},"21":{"start":{"line":87,"column":8},"end":{"line":87,"column":null}},"22":{"start":{"line":93,"column":4},"end":{"line":95,"column":null}},"23":{"start":{"line":98,"column":19},"end":{"line":98,"column":20}},"24":{"start":{"line":99,"column":17},"end":{"line":99,"column":21}},"25":{"start":{"line":101,"column":4},"end":{"line":112,"column":null}},"26":{"start":{"line":102,"column":6},"end":{"line":111,"column":null}},"27":{"start":{"line":103,"column":8},"end":{"line":103,"column":null}},"28":{"start":{"line":104,"column":33},"end":{"line":104,"column":47}},"29":{"start":{"line":105,"column":8},"end":{"line":110,"column":null}},"30":{"start":{"line":115,"column":4},"end":{"line":117,"column":null}},"31":{"start":{"line":116,"column":6},"end":{"line":116,"column":null}},"32":{"start":{"line":119,"column":4},"end":{"line":119,"column":null}},"33":{"start":{"line":126,"column":4},"end":{"line":126,"column":null}},"34":{"start":{"line":135,"column":4},"end":{"line":135,"column":null}},"35":{"start":{"line":145,"column":4},"end":{"line":145,"column":null}},"36":{"start":{"line":146,"column":4},"end":{"line":146,"column":null}},"37":{"start":{"line":147,"column":4},"end":{"line":147,"column":null}},"38":{"start":{"line":148,"column":4},"end":{"line":148,"column":null}},"39":{"start":{"line":149,"column":4},"end":{"line":149,"column":null}},"40":{"start":{"line":150,"column":4},"end":{"line":150,"column":null}},"41":{"start":{"line":151,"column":4},"end":{"line":151,"column":null}},"42":{"start":{"line":158,"column":4},"end":{"line":161,"column":null}},"43":{"start":{"line":159,"column":6},"end":{"line":159,"column":null}},"44":{"start":{"line":160,"column":6},"end":{"line":160,"column":null}},"45":{"start":{"line":236,"column":2},"end":{"line":236,"column":null}}},"fnMap":{"0":{"name":"processFrame","decl":{"start":{"line":16,"column":16},"end":{"line":16,"column":28}},"loc":{"start":{"line":16,"column":40},"end":{"line":46,"column":null}}},"1":{"name":"(anonymous_1)","decl":{"start":{"line":52,"column":2},"end":{"line":52,"column":13}},"loc":{"start":{"line":52,"column":24},"end":{"line":55,"column":null}}},"2":{"name":"(anonymous_2)","decl":{"start":{"line":62,"column":2},"end":{"line":62,"column":5}},"loc":{"start":{"line":62,"column":14},"end":{"line":67,"column":null}}},"3":{"name":"(anonymous_3)","decl":{"start":{"line":74,"column":2},"end":{"line":74,"column":14}},"loc":{"start":{"line":74,"column":17},"end":{"line":120,"column":null}}},"4":{"name":"(anonymous_4)","decl":{"start":{"line":125,"column":2},"end":{"line":125,"column":7}},"loc":{"start":{"line":125,"column":10},"end":{"line":127,"column":null}}},"5":{"name":"(anonymous_5)","decl":{"start":{"line":134,"column":2},"end":{"line":134,"column":5}},"loc":{"start":{"line":134,"column":15},"end":{"line":136,"column":null}}},"6":{"name":"(anonymous_6)","decl":{"start":{"line":144,"column":2},"end":{"line":144,"column":13}},"loc":{"start":{"line":144,"column":38},"end":{"line":152,"column":null}}},"7":{"name":"(anonymous_7)","decl":{"start":{"line":157,"column":2},"end":{"line":157,"column":12}},"loc":{"start":{"line":157,"column":15},"end":{"line":162,"column":null}}},"8":{"name":"createScanner","decl":{"start":{"line":235,"column":16},"end":{"line":235,"column":29}},"loc":{"start":{"line":235,"column":54},"end":{"line":237,"column":null}}}},"branchMap":{"0":{"loc":{"start":{"line":26,"column":2},"end":{"line":28,"column":null}},"type":"if","locations":[{"start":{"line":26,"column":2},"end":{"line":28,"column":null}},{"start":{},"end":{}}]},"1":{"loc":{"start":{"line":52,"column":14},"end":{"line":52,"column":22}},"type":"default-arg","locations":[{"start":{"line":52,"column":21},"end":{"line":52,"column":22}}]},"2":{"loc":{"start":{"line":64,"column":4},"end":{"line":66,"column":null}},"type":"if","locations":[{"start":{"line":64,"column":4},"end":{"line":66,"column":null}},{"start":{},"end":{}}]},"3":{"loc":{"start":{"line":75,"column":4},"end":{"line":77,"column":null}},"type":"if","locations":[{"start":{"line":75,"column":4},"end":{"line":77,"column":null}},{"start":{},"end":{}}]},"4":{"loc":{"start":{"line":84,"column":6},"end":{"line":88,"column":null}},"type":"if","locations":[{"start":{"line":84,"column":6},"end":{"line":88,"column":null}},{"start":{},"end":{}}]},"5":{"loc":{"start":{"line":87,"column":24},"end":{"line":87,"column":43}},"type":"binary-expr","locations":[{"start":{"line":87,"column":24},"end":{"line":87,"column":38}},{"start":{"line":87,"column":42},"end":{"line":87,"column":43}}]},"6":{"loc":{"start":{"line":102,"column":6},"end":{"line":111,"column":null}},"type":"if","locations":[{"start":{"line":102,"column":6},"end":{"line":111,"column":null}},{"start":{},"end":{}}]},"7":{"loc":{"start":{"line":115,"column":4},"end":{"line":117,"column":null}},"type":"if","locations":[{"start":{"line":115,"column":4},"end":{"line":117,"column":null}},{"start":{},"end":{}}]},"8":{"loc":{"start":{"line":115,"column":8},"end":{"line":115,"column":42}},"type":"binary-expr","locations":[{"start":{"line":115,"column":8},"end":{"line":115,"column":14}},{"start":{"line":115,"column":18},"end":{"line":115,"column":42}}]},"9":{"loc":{"start":{"line":158,"column":4},"end":{"line":161,"column":null}},"type":"if","locations":[{"start":{"line":158,"column":4},"end":{"line":161,"column":null}},{"start":{},"end":{}}]}},"s":{"0":3,"1":3,"2":3,"3":3,"4":3,"5":0,"6":0,"7":0,"8":22,"9":22,"10":49,"11":49,"12":5,"13":10,"14":1,"15":9,"16":9,"17":9,"18":33,"19":30,"20":30,"21":30,"22":9,"23":9,"24":9,"25":9,"26":12,"27":9,"28":9,"29":9,"30":9,"31":8,"32":1,"33":4,"34":16,"35":9,"36":9,"37":9,"38":9,"39":9,"40":9,"41":9,"42":3,"43":3,"44":3,"45":3},"f":{"0":3,"1":22,"2":49,"3":10,"4":4,"5":16,"6":9,"7":3,"8":3},"b":{"0":[3,0],"1":[0],"2":[5,44],"3":[1,9],"4":[30,3],"5":[30,12],"6":[9,3],"7":[8,1],"8":[9,9],"9":[3,0]}}}